\BOOKMARK [1][-]{section.1}{Introduction}{}% 1
\BOOKMARK [2][-]{subsection.1.1}{Background}{section.1}% 2
\BOOKMARK [2][-]{subsection.1.2}{Planned approach}{section.1}% 3
\BOOKMARK [1][-]{section.2}{General assumptions}{}% 4
\BOOKMARK [1][-]{section.3}{Data cleaning}{}% 5
\BOOKMARK [2][-]{subsection.3.1}{Single imputation with linear regression}{section.3}% 6
\BOOKMARK [2][-]{subsection.3.2}{The procession of linear regression}{section.3}% 7
\BOOKMARK [2][-]{subsection.3.3}{Assessment of rationality of the model}{section.3}% 8
\BOOKMARK [1][-]{section.4}{Return on investment\(ROI\)}{}% 9
\BOOKMARK [1][-]{section.5}{AHP model}{}% 10
\BOOKMARK [2][-]{subsection.5.1}{Tradational AHP Model}{section.5}% 11
\BOOKMARK [2][-]{subsection.5.2}{The typical procedure for using the AHP}{section.5}% 12
\BOOKMARK [2][-]{subsection.5.3}{Assessment of rationality of the model}{section.5}% 13
\BOOKMARK [2][-]{subsection.5.4}{Data processing and results}{section.5}% 14
\BOOKMARK [1][-]{section.6}{Investment strategy}{}% 15
\BOOKMARK [2][-]{subsection.6.1}{Determining the value of N}{section.6}% 16
\BOOKMARK [2][-]{subsection.6.2}{Schools ranked by investment amount}{section.6}% 17
\BOOKMARK [1][-]{section.7}{Analysis of the results}{}% 18
\BOOKMARK [2][-]{subsection.7.1}{Stability analysis}{section.7}% 19
\BOOKMARK [2][-]{subsection.7.2}{Strength and weaknesses}{section.7}% 20
\BOOKMARK [1][-]{section.8}{Conclusion}{}% 21
\BOOKMARK [1][-]{section.8}{Reference}{}% 22
\BOOKMARK [1][-]{section*.1}{Appendices}{}% 23
\BOOKMARK [1][-]{Appendix.a.A}{Appendix Letter to the CFO of the Goodgrant Foundation}{}% 24
\BOOKMARK [1][-]{Appendix.a.B}{Appendix Source Code}{}% 25
