This is XeTeX, Version 3.1415926-2.3-0.9997.5 (MiKTeX 2.9) (preloaded format=xelatex 2017.1.11)  11 JAN 2017 20:58
entering extended mode
**mcmthesis.dtx
(D:\project\tex\mcmthesis\mcmthesis.dtx
LaTeX2e <2011/06/27>
Babel <v3.8m> and hyphenation patterns for loaded.
File: mcmthesis.dtx 2016/01/29 v6.2 The Thesis Template Designed For MCM/ICM
("D:\Program Files\CTEX\MiKTeX\tex\latex\base\ltxdoc.cls"
Document Class: ltxdoc 2007/11/11 v2.0u Standard LaTeX documentation class
("D:\Program Files\CTEX\MiKTeX\tex\latex\base\article.cls"
Document Class: article 2007/10/19 v1.4h Standard LaTeX document class
("D:\Program Files\CTEX\MiKTeX\tex\latex\base\size10.clo"
File: size10.clo 2007/10/19 v1.4h Standard LaTeX file (size option)
)
\c@part=\count80
\c@section=\count81
\c@subsection=\count82
\c@subsubsection=\count83
\c@paragraph=\count84
\c@subparagraph=\count85
\c@figure=\count86
\c@table=\count87
\abovecaptionskip=\skip41
\belowcaptionskip=\skip42
\bibindent=\dimen102
)
("D:\Program Files\CTEX\MiKTeX\tex\latex\base\doc.sty"
Package: doc 2010/02/04 v2.1e Standard LaTeX documentation package (FMi)
\c@StandardModuleDepth=\count88
\guard@level=\count89
\MacrocodeTopsep=\skip43
\MacroIndent=\dimen103
\macro@cnt=\count90
\MacroTopsep=\skip44
\index@excludelist=\toks14

("D:\Program Files\CTEX\MiKTeX\tex\latex\tools\multicol.sty"
Package: multicol 2011/06/27 v1.7a multicolumn formatting (FMi)
\c@tracingmulticols=\count91
\mult@box=\box26
\multicol@leftmargin=\dimen104
\c@unbalance=\count92
\c@collectmore=\count93
\doublecol@number=\count94
\multicoltolerance=\count95
\multicolpretolerance=\count96
\full@width=\dimen105
\page@free=\dimen106
\premulticols=\dimen107
\postmulticols=\dimen108
\multicolsep=\skip45
\multicolbaselineskip=\skip46
\partial@page=\box27
\last@line=\box28
\mult@rightbox=\box29
\mult@grightbox=\box30
\mult@gfirstbox=\box31
\mult@firstbox=\box32
\@tempa=\box33
\@tempa=\box34
\@tempa=\box35
\@tempa=\box36
\@tempa=\box37
\@tempa=\box38
\@tempa=\box39
\@tempa=\box40
\@tempa=\box41
\@tempa=\box42
\@tempa=\box43
\@tempa=\box44
\@tempa=\box45
\@tempa=\box46
\@tempa=\box47
\@tempa=\box48
\@tempa=\box49
\c@columnbadness=\count97
\c@finalcolumnbadness=\count98
\last@try=\dimen109
\multicolovershoot=\dimen110
\multicolundershoot=\dimen111
\mult@nat@firstbox=\box50
\colbreak@box=\box51
\multicol@sort@counter=\count99
)
\IndexMin=\dimen112
\c@IndexColumns=\count100
\GlossaryMin=\dimen113
\c@GlossaryColumns=\count101
\l@nohyphenation=\language1
\check@sum=\count102
\bslash@cnt=\count103
\wrong@table=\toks15
\c@CodelineNo=\count104
))
\@indexfile=\write3

Writing index file mcmthesis.idx
\@glossaryfile=\write4
Writing glossary file mcmthesis.glo 
("D:\Program Files\CTEX\MiKTeX\tex\latex\ctex\ctexcap.sty"
Package: ctexcap 2011/03/11 v1.02c ctexcap macros package

("D:\Program Files\CTEX\MiKTeX\tex\latex\ctex\opt\ctex-common-opts.def")
("D:\Program Files\CTEX\MiKTeX\tex\latex\ctex\opt\ctex-caption-opts.def"
\c@CTEX@sectiondepth=\count105
)
("D:\Program Files\CTEX\CTeX\tex\latex\ctex\cfg\ctexopts.cfg")
("D:\Program Files\CTEX\MiKTeX\tex\latex\ctex\def\ctex-common.def"
("D:\Program Files\CTEX\MiKTeX\tex\latex\l3kernel\expl3.sty"
("D:\Program Files\CTEX\MiKTeX\tex\latex\l3kernel\l3names.sty"
("D:\Program Files\CTEX\MiKTeX\tex\latex\l3kernel\l3bootstrap.sty"
Package: l3bootstrap 2011/12/29 v3110 L3 Experimental bootstrap code
)
Package: l3names 2011/12/30 v3113 L3 Experimental namespace for primitives
)
("D:\Program Files\CTEX\MiKTeX\tex\latex\misc\etex.sty"
Package: etex 1998/03/26 v2.0 eTeX basic definition package (PEB)
\et@xins=\count106
)
Package: expl3 2012/02/26 v3471 L3 Experimental code bundle wrapper

("D:\Program Files\CTEX\MiKTeX\tex\latex\graphics\color.sty"
Package: color 2005/11/14 v1.0j Standard LaTeX Color (DPC)

("D:\Program Files\CTEX\MiKTeX\tex\latex\00miktex\color.cfg"
File: color.cfg 2007/01/18 v1.5 color configuration of teTeX/TeXLive
)
Package color Info: Driver file: xetex.def on input line 130.

("D:\Program Files\CTEX\MiKTeX\tex\xelatex\xetex-def\xetex.def"
File: xetex.def 2009/11/22 v0.94 LaTeX color/graphics driver for XeTeX (RRM/JK)

))
("D:\Program Files\CTEX\MiKTeX\tex\latex\graphics\graphics.sty"
Package: graphics 2009/02/05 v1.0o Standard LaTeX Graphics (DPC,SPQR)

("D:\Program Files\CTEX\MiKTeX\tex\latex\graphics\trig.sty"
Package: trig 1999/03/16 v1.09 sin cos tan (DPC)
)
("D:\Program Files\CTEX\MiKTeX\tex\latex\00miktex\graphics.cfg"
File: graphics.cfg 2007/01/18 v1.5 graphics configuration of teTeX/TeXLive
)
Package graphics Info: Driver file: xetex.def on input line 91.
)
("D:\Program Files\CTEX\MiKTeX\tex\latex\l3kernel\l3basics.sty"
Package: l3basics 2012/02/26 v3460 L3 Experimental basic definitions
)
("D:\Program Files\CTEX\MiKTeX\tex\latex\l3kernel\l3expan.sty"
Package: l3expan 2012/02/26 v3460 L3 Experimental argument expansion
)
("D:\Program Files\CTEX\MiKTeX\tex\latex\l3kernel\l3tl.sty"
Package: l3tl 2012/02/26 v3460 L3 Experimental token lists
)
("D:\Program Files\CTEX\MiKTeX\tex\latex\l3kernel\l3seq.sty"
Package: l3seq 2012/01/09 v3158 L3 Experimental sequences and stacks
)
("D:\Program Files\CTEX\MiKTeX\tex\latex\l3kernel\l3int.sty"
Package: l3int 2012/02/26 v3460 L3 Experimental integers
\c_max_int=\count107
\l_tmpa_int=\count108
\l_tmpb_int=\count109
\l_tmpc_int=\count110
\g_tmpa_int=\count111
\g_tmpb_int=\count112
)
("D:\Program Files\CTEX\MiKTeX\tex\latex\l3kernel\l3quark.sty"
Package: l3quark 2012/02/12 v3384 L3 Experimental quarks
)
("D:\Program Files\CTEX\MiKTeX\tex\latex\l3kernel\l3prg.sty"
Package: l3prg 2012/02/26 v3464 L3 Experimental control structures
\g_prg_map_int=\count113
)
("D:\Program Files\CTEX\MiKTeX\tex\latex\l3kernel\l3clist.sty"
Package: l3clist 2012/02/26 v3460 L3 Experimental comma separated lists
)
("D:\Program Files\CTEX\MiKTeX\tex\latex\l3kernel\l3token.sty"
Package: l3token 2012/02/26 v3460 L3 Experimental token manipulation
)
("D:\Program Files\CTEX\MiKTeX\tex\latex\l3kernel\l3prop.sty"
Package: l3prop 2012/02/26 v3460 L3 Experimental property lists
)
("D:\Program Files\CTEX\MiKTeX\tex\latex\l3kernel\l3msg.sty"
Package: l3msg 2012/02/26 v3470 L3 Experimental messages
)
("D:\Program Files\CTEX\MiKTeX\tex\latex\l3kernel\l3file.sty"
Package: l3file 2012/02/26 v3464 L3 Experimental file and I/O operations
\l_iow_stream_int=\count114
\l_iow_line_length_int=\count115
\l_iow_target_length_int=\count116
\l_iow_current_line_int=\count117
\l_iow_current_word_int=\count118
\l_iow_current_indentation_int=\count119
)
("D:\Program Files\CTEX\MiKTeX\tex\latex\l3kernel\l3skip.sty"
Package: l3skip 2012/02/26 v3460 L3 Experimental dimensions and skips
\l_tmpa_dim=\dimen114
\l_tmpb_dim=\dimen115
\l_tmpc_dim=\dimen116
\g_tmpa_dim=\dimen117
\g_tmpb_dim=\dimen118
\l_tmpa_skip=\skip47
\l_tmpb_skip=\skip48
\l_tmpc_skip=\skip49
\g_tmpa_skip=\skip50
\g_tmpb_skip=\skip51
)
("D:\Program Files\CTEX\MiKTeX\tex\latex\l3kernel\l3keys.sty"
Package: l3keys 2011/12/22 v3086 L3 Experimental key-value interfaces
\g_keyval_level_int=\count120
\l_keys_choice_int=\count121
)
("D:\Program Files\CTEX\MiKTeX\tex\latex\l3kernel\l3fp.sty"
Package: l3fp 2012/02/06 v3315 L3 Experimental floating-point operations
\c_one_hundred_million=\count122
\c_five_hundred_million=\count123
\c_one_thousand_million=\count124
\c_fp_pi_by_four_decimal_int=\count125
\c_fp_pi_by_four_extended_int=\count126
\c_fp_pi_decimal_int=\count127
\c_fp_pi_extended_int=\count128
\c_fp_two_pi_decimal_int=\count129
\c_fp_two_pi_extended_int=\count130
\l_fp_count_int=\count131
\l_fp_div_offset_int=\count132
\l_fp_exp_integer_int=\count133
\l_fp_exp_decimal_int=\count134
\l_fp_exp_extended_int=\count135
\l_fp_exp_exponent_int=\count136
\l_fp_input_a_sign_int=\count137
\l_fp_input_a_integer_int=\count138
\l_fp_input_a_decimal_int=\count139
\l_fp_input_a_exponent_int=\count140
\l_fp_input_b_sign_int=\count141
\l_fp_input_b_integer_int=\count142
\l_fp_input_b_decimal_int=\count143
\l_fp_input_b_exponent_int=\count144
\l_fp_input_a_extended_int=\count145
\l_fp_input_b_extended_int=\count146
\l_fp_mul_a_i_int=\count147
\l_fp_mul_a_ii_int=\count148
\l_fp_mul_a_iii_int=\count149
\l_fp_mul_a_iv_int=\count150
\l_fp_mul_a_v_int=\count151
\l_fp_mul_a_vi_int=\count152
\l_fp_mul_b_i_int=\count153
\l_fp_mul_b_ii_int=\count154
\l_fp_mul_b_iii_int=\count155
\l_fp_mul_b_iv_int=\count156
\l_fp_mul_b_v_int=\count157
\l_fp_mul_b_vi_int=\count158
\l_fp_mul_output_int=\count159
\l_fp_output_sign_int=\count160
\l_fp_output_integer_int=\count161
\l_fp_output_decimal_int=\count162
\l_fp_output_exponent_int=\count163
\l_fp_output_extended_int=\count164
\l_fp_round_position_int=\count165
\l_fp_round_target_int=\count166
\l_fp_split_sign_int=\count167
\l_fp_internal_int=\count168
\l_fp_trig_octant_int=\count169
\l_fp_trig_sign_int=\count170
\l_fp_trig_decimal_int=\count171
\l_fp_trig_extended_int=\count172
\l_fp_internal_dim=\dimen119
\l_fp_internal_skip=\skip52
)
("D:\Program Files\CTEX\MiKTeX\tex\latex\l3kernel\l3box.sty"
Package: l3box 2012/02/18 v3432 L3 Experimental boxes
\l_tmpb_box=\box52
\l_box_top_dim=\dimen120
\l_box_bottom_dim=\dimen121
\l_box_left_dim=\dimen122
\l_box_right_dim=\dimen123
\l_box_top_new_dim=\dimen124
\l_box_bottom_new_dim=\dimen125
\l_box_left_new_dim=\dimen126
\l_box_right_new_dim=\dimen127
\l_box_internal_box=\box53
)
("D:\Program Files\CTEX\MiKTeX\tex\latex\l3kernel\l3coffins.sty"
Package: l3coffins 2012/02/26 v3460 L3 Experimental coffin code layer
\l_coffin_internal_box=\box54
\l_coffin_internal_dim=\dimen128
\l_coffin_offset_x_dim=\dimen129
\l_coffin_offset_y_dim=\dimen130
\l_coffin_x_dim=\dimen131
\l_coffin_y_dim=\dimen132
\l_coffin_x_prime_dim=\dimen133
\l_coffin_y_prime_dim=\dimen134
\l_coffin_Depth_dim=\dimen135
\l_coffin_Height_dim=\dimen136
\l_coffin_TotalHeight_dim=\dimen137
\l_coffin_Width_dim=\dimen138
\c_empty_coffin=\box55
\l_coffin_aligned_coffin=\box56
\l_coffin_aligned_internal_coffin=\box57
\l_coffin_bounding_shift_dim=\dimen139
\l_coffin_left_corner_dim=\dimen140
\l_coffin_right_corner_dim=\dimen141
\l_coffin_bottom_corner_dim=\dimen142
\l_coffin_top_corner_dim=\dimen143
\l_coffin_scaled_total_height_dim=\dimen144
\l_coffin_scaled_width_dim=\dimen145
\l_coffin_display_coffin=\box58
\l_coffin_display_coord_coffin=\box59
\l_coffin_display_pole_coffin=\box60
\l_coffin_display_offset_dim=\dimen146
\l_coffin_display_x_dim=\dimen147
\l_coffin_display_y_dim=\dimen148
)
("D:\Program Files\CTEX\MiKTeX\tex\latex\l3kernel\l3color.sty"
Package: l3color 2011/09/07 v2776 L3 Experimental colour support
)
("D:\Program Files\CTEX\MiKTeX\tex\latex\l3kernel\l3luatex.sty"
Package: l3luatex 2012/02/09 v3355 L3 Experimental LuaTeX-specific functions
\g_cctab_allocate_int=\count173
\g_cctab_stack_int=\count174
))
("D:\Program Files\CTEX\MiKTeX\tex\latex\etoolbox\etoolbox.sty"
Package: etoolbox 2011/01/03 v2.1 e-TeX tools for LaTeX
\etb@tempcnta=\count175
)
("D:\Program Files\CTEX\MiKTeX\tex\generic\oberdiek\ifpdf.sty"
Package: ifpdf 2011/01/30 v2.3 Provides the ifpdf switch (HO)
Package ifpdf Info: pdfTeX in PDF mode is not detected.
)
("D:\Program Files\CTEX\MiKTeX\tex\generic\ifxetex\ifxetex.sty"
Package: ifxetex 2010/09/12 v0.6 Provides ifxetex conditional
)
("D:\Program Files\CTEX\MiKTeX\tex\latex\graphics\keyval.sty"
Package: keyval 1999/03/16 v1.13 key=value parser (DPC)
\KV@toks@=\toks16
)
("D:\Program Files\CTEX\MiKTeX\tex\latex\tools\indentfirst.sty"
Package: indentfirst 1995/11/23 v1.03 Indent first paragraph (DPC)
)
("D:\Program Files\CTEX\MiKTeX\tex\latex\base\fix-cm.sty"
Package: fix-cm 2006/09/13 v1.1m fixes to LaTeX

("D:\Program Files\CTEX\MiKTeX\tex\latex\base\ts1enc.def"
File: ts1enc.def 2001/06/05 v3.0e (jk/car/fm) Standard LaTeX file
))
("D:\Program Files\CTEX\MiKTeX\tex\latex\ctex\engine\ctex-xecjk-engine.def"
("D:\Program Files\CTEX\MiKTeX\tex\latex\savesym\savesym.sty"

LaTeX Warning: You have requested package `savesym',
               but the package provides `savesymbol'.

Package: savesymbol 2003/06/01 v1.1 Saves and restores symbols
) ("D:\Program Files\CTEX\MiKTeX\tex\xelatex\xecjk\xeCJK.sty"
Package: xeCJK 2012/01/31 2.4.5 package for typesetting CJK scripts with XeLaTe
X

("D:\Program Files\CTEX\MiKTeX\tex\latex\xkeyval\xkeyval.sty"
Package: xkeyval 2008/08/13 v2.6a package option processing (HA)

("D:\Program Files\CTEX\MiKTeX\tex\generic\xkeyval\xkeyval.tex"
\XKV@toks=\toks17
\XKV@tempa@toks=\toks18
\XKV@depth=\count176
File: xkeyval.tex 2008/08/13 v2.6a key=value parser (HA)
))
("D:\Program Files\CTEX\MiKTeX\tex\latex\fontspec\fontspec.sty"
Package: fontspec 2011/09/18 v2.2a Advanced font selection for XeLaTeX/LuaLaTeX


("D:\Program Files\CTEX\MiKTeX\tex\latex\l3packages\xparse\xparse.sty"
Package: xparse 2012/02/26 v3471 L3 Experimental document command parser
\l_xparse_current_arg_int=\count177
\l_xparse_m_args_int=\count178
\l_xparse_mandatory_args_int=\count179
\l_xparse_processor_int=\count180
\l_xparse_v_nesting_int=\count181
)
\l_fontspec_script_int=\count182
\l_fontspec_language_int=\count183
\l_fontspec_strnum_int=\count184
\l_fontspec_tmpa_dim=\dimen149
\l_fontspec_tmpb_dim=\dimen150
\l_fontspec_tmpc_dim=\dimen151
Variant \tl_gset:cV already defined; not changing it on line 66

("D:\Program Files\CTEX\MiKTeX\tex\latex\fontspec\fontspec-patches.sty"
Package: fontspec-patches 2011/09/18 v2.2a Advanced font selection for XeLaTeX/
LuaLaTeX

("D:\Program Files\CTEX\MiKTeX\tex\latex\base\fixltx2e.sty"
Package: fixltx2e 2006/09/13 v1.1m fixes to LaTeX
LaTeX Info: Redefining \em on input line 420.
)
LaTeX Info: Redefining \em on input line 22.
LaTeX Info: Redefining \emph on input line 29.
LaTeX Info: Redefining \- on input line 32.

*************************************************
* LaTeX warning: "xparse/redefine-command"
* 
* Redefining document command \oldstylenums with arg. spec. 'm' on line 107.
*************************************************
.................................................
. LaTeX info: "xparse/define-command"
. 
. Defining document command \liningnums with arg. spec. 'm' on line 111.
.................................................
) ("D:\Program Files\CTEX\MiKTeX\tex\latex\fontspec\fontspec-xetex.sty"
Package: fontspec-xetex 2011/09/18 v2.2a Advanced font selection for XeLaTeX/Lu
aLaTeX

("D:\Program Files\CTEX\MiKTeX\tex\latex\base\fontenc.sty"
Package: fontenc 2005/09/27 v1.99g Standard LaTeX package

("D:\Program Files\CTEX\MiKTeX\tex\latex\euenc\eu1enc.def"
File: eu1enc.def 2010/05/27 v0.1h Experimental Unicode font encodings
)
LaTeX Font Info:    Try loading font information for EU1+lmr on input line 100.


("D:\Program Files\CTEX\MiKTeX\tex\latex\euenc\eu1lmr.fd"
File: eu1lmr.fd 2009/10/30 v1.6 Font defs for Latin Modern
))
("D:\Program Files\CTEX\MiKTeX\tex\xelatex\xunicode\xunicode.sty"
File: xunicode.sty 2011/09/09 v0.981 provides access to latin accents and many 
other characters in Unicode lower plane

("D:\Program Files\CTEX\MiKTeX\tex\latex\tipa\t3enc.def"
File: t3enc.def 2001/12/31 T3 encoding
LaTeX Font Info:    Try loading font information for EU1+lmss on input line 357
.

("D:\Program Files\CTEX\MiKTeX\tex\latex\euenc\eu1lmss.fd"
File: eu1lmss.fd 2009/10/30 v1.6 Font defs for Latin Modern
))
\tipaTiiicode=\count185
\tipasavetokens=\toks19
\tipachecktokens=\toks20

("D:\Program Files\CTEX\MiKTeX\tex\latex\graphics\graphicx.sty"
Package: graphicx 1999/02/16 v1.0f Enhanced LaTeX Graphics (DPC,SPQR)
\Gin@req@height=\dimen152
\Gin@req@width=\dimen153
))
.................................................
. LaTeX info: "xparse/define-command"
. 
. Defining document command \fontspec with arg. spec. 'O{}m' on line 39.
.................................................
.................................................
. LaTeX info: "xparse/define-command"
. 
. Defining document command \setmainfont with arg. spec. 'O{}m' on line 43.
.................................................
.................................................
. LaTeX info: "xparse/define-command"
. 
. Defining document command \setsansfont with arg. spec. 'O{}m' on line 47.
.................................................
.................................................
. LaTeX info: "xparse/define-command"
. 
. Defining document command \setmonofont with arg. spec. 'O{}m' on line 51.
.................................................
.................................................
. LaTeX info: "xparse/define-command"
. 
. Defining document command \setmathrm with arg. spec. 'O{}m' on line 59.
.................................................
.................................................
. LaTeX info: "xparse/define-command"
. 
. Defining document command \setboldmathrm with arg. spec. 'O{}m' on line 62.
.................................................
.................................................
. LaTeX info: "xparse/define-command"
. 
. Defining document command \setmathsf with arg. spec. 'O{}m' on line 65.
.................................................
.................................................
. LaTeX info: "xparse/define-command"
. 
. Defining document command \setmathtt with arg. spec. 'O{}m' on line 68.
.................................................
.................................................
. LaTeX info: "xparse/define-command"
. 
. Defining document command \newfontfamily with arg. spec. 'mO{}m' on line 84.
.................................................
.................................................
. LaTeX info: "xparse/define-command"
. 
. Defining document command \newfontface with arg. spec. 'mO{}m' on line 87.
.................................................
.................................................
. LaTeX info: "xparse/define-command"
. 
. Defining document command \defaultfontfeatures with arg. spec. 'm' on line
. 91.
.................................................
.................................................
. LaTeX info: "xparse/define-command"
. 
. Defining document command \addfontfeatures with arg. spec. 'm' on line 107.
.................................................
.................................................
. LaTeX info: "xparse/define-command"
. 
. Defining document command \newfontfeature with arg. spec. 'mm' on line 118.
.................................................
.................................................
. LaTeX info: "xparse/define-command"
. 
. Defining document command \newAATfeature with arg. spec. 'mmmm' on line 125.
.................................................
.................................................
. LaTeX info: "xparse/define-command"
. 
. Defining document command \newICUfeature with arg. spec. 'mmm' on line 132.
.................................................
.................................................
. LaTeX info: "xparse/define-command"
. 
. Defining document command \aliasfontfeature with arg. spec. 'mm' on line
. 159.
.................................................
.................................................
. LaTeX info: "xparse/define-command"
. 
. Defining document command \aliasfontfeatureoption with arg. spec. 'mmm' on
. line 164.
.................................................
.................................................
. LaTeX info: "xparse/define-command"
. 
. Defining document command \newfontscript with arg. spec. 'mm' on line 169.
.................................................
.................................................
. LaTeX info: "xparse/define-command"
. 
. Defining document command \newfontlanguage with arg. spec. 'mm' on line 192.
.................................................
.................................................
. LaTeX info: "xparse/define-command"
. 
. Defining document command \DeclareFontsExtensions with arg. spec. 'm' on
. line 211.
.................................................
Variant \prop_gput:cnV already defined; not changing it on line 485
Variant \prop_gput:cnx already defined; not changing it on line 486
Variant \keys_set:nx already defined; not changing it on line 963
\c@fontspec_tmp_int=\count186
LaTeX Info: Redefining \itshape on input line 1881.
LaTeX Info: Redefining \slshape on input line 1885.
LaTeX Info: Redefining \scshape on input line 1889.
LaTeX Info: Redefining \upshape on input line 1893.

("D:\Program Files\CTEX\MiKTeX\tex\latex\fontspec\fontspec.cfg")))
\xeCJK@cnta=\count187
\xeCJK@cntb=\count188
\xeCJK@cntc=\count189
\xeCJK@cntd=\count190
\xeCJK@cnte=\count191
\xeCJK@dima=\dimen154
LaTeX Info: Redefining \normalfont on input line 886.
LaTeX Info: Redefining \rmfamily on input line 895.
LaTeX Info: Redefining \sffamily on input line 899.
LaTeX Info: Redefining \ttfamily on input line 903.
\xeCJK@featureadded=\count192
\g_xecjk_exspace_dim=\dimen155
)
("D:\Program Files\CTEX\MiKTeX\tex\latex\ctex\engine\ctex-cjk-common.def"
("D:\Program Files\CTEX\CTeX\tex\latex\CJK\CJKfntef.sty"
Package: CJKfntef 2008/12/29 4.8.2

("D:\Program Files\CTEX\MiKTeX\tex\latex\cjk\CJKulem.sty"
Package: CJKulem 2008/12/29 4.8.2

("D:\Program Files\CTEX\MiKTeX\tex\latex\ulem\ulem.sty"
\UL@box=\box61
\UL@hyphenbox=\box62
\UL@skip=\skip53
\UL@hook=\toks21
\UL@height=\dimen156
\UL@pe=\count193
\UL@pixel=\dimen157
\ULC@box=\box63
Package: ulem 2011/03/18
\ULdepth=\dimen158
)
\UL@lastkern=\dimen159
\CJK@skip=\skip54
)
\CJK@fntefSkip=\skip55
\CJK@nest=\count194
\CJK@fntefDimen=\dimen160
\CJK@underdotBox=\box64
\CJK@ULbox=\box65
\CJK@underanyskip=\dimen161
)
\ccwd=\dimen162
)
("D:\Program Files\CTEX\MiKTeX\tex\latex\ctex\fontset\ctex-xecjk-winfonts.def")
)
\CTEX@q=\count195
\CTEX@r=\count196
) ("D:\Program Files\CTEX\MiKTeX\tex\latex\ctex\def\ctex-caption.def")
("D:\Program Files\CTEX\MiKTeX\tex\latex\ctex\def\ctex-article.def"))
("D:\Program Files\CTEX\MiKTeX\tex\latex\ctex\def\ctex-utf8.def")
("D:\Program Files\CTEX\MiKTeX\tex\latex\ctex\cfg\ctexcap.cfg"
("D:\Program Files\CTEX\MiKTeX\tex\latex\ctex\cfg\ctexcap-utf8.cfg"))
("D:\Program Files\CTEX\MiKTeX\tex\latex\ctex\cfg\ctex.cfg")
("D:\Program Files\CTEX\MiKTeX\tex\generic\oberdiek\hologo.sty"
Package: hologo 2011/04/21 v1.5 Logo collection (HO)

("D:\Program Files\CTEX\MiKTeX\tex\generic\oberdiek\ltxcmds.sty"
Package: ltxcmds 2011/04/18 v1.20 LaTeX kernel commands for general use (HO)
)
("D:\Program Files\CTEX\MiKTeX\tex\generic\oberdiek\infwarerr.sty"
Package: infwarerr 2010/04/08 v1.3 Providing info/warning/message (HO)
)
("D:\Program Files\CTEX\MiKTeX\tex\generic\oberdiek\kvsetkeys.sty"
Package: kvsetkeys 2011/04/07 v1.13 Key value parser (HO)

("D:\Program Files\CTEX\MiKTeX\tex\generic\oberdiek\etexcmds.sty"
Package: etexcmds 2011/02/16 v1.5 Prefix for e-TeX command names (HO)

("D:\Program Files\CTEX\MiKTeX\tex\generic\oberdiek\ifluatex.sty"
Package: ifluatex 2010/03/01 v1.3 Provides the ifluatex switch (HO)
Package ifluatex Info: LuaTeX not detected.
)
Package etexcmds Info: Could not find \expanded.
(etexcmds)             That can mean that you are not using pdfTeX 1.50 or
(etexcmds)             that some package has redefined \expanded.
(etexcmds)             In the latter case, load this package earlier.
))
("D:\Program Files\CTEX\MiKTeX\tex\generic\oberdiek\kvdefinekeys.sty"
Package: kvdefinekeys 2011/04/07 v1.3 Defining keys (HO)
)
("D:\Program Files\CTEX\MiKTeX\tex\generic\oberdiek\pdftexcmds.sty"
Package: pdftexcmds 2011/04/22 v0.16 Utilities of pdfTeX for LuaTeX (HO)
Package pdftexcmds Info: LuaTeX not detected.
Package pdftexcmds Info: pdfTeX >= 1.30 not detected.
Package pdftexcmds Info: \pdf@primitive is available.
Package pdftexcmds Info: \pdf@ifprimitive is available.
Package pdftexcmds Info: \pdfdraftmode not found.
)
("D:\Program Files\CTEX\MiKTeX\tex\generic\oberdiek\ifvtex.sty"
Package: ifvtex 2010/03/01 v1.5 Switches for detecting VTeX and its modes (HO)
Package ifvtex Info: VTeX not detected.
))
("D:\Program Files\CTEX\MiKTeX\tex\latex\xcolor\xcolor.sty"
Package: xcolor 2007/01/21 v2.11 LaTeX color extensions (UK)

("D:\Program Files\CTEX\MiKTeX\tex\latex\00miktex\color.cfg"
File: color.cfg 2007/01/18 v1.5 color configuration of teTeX/TeXLive
)
Package xcolor Info: Driver file: xetex.def on input line 225.
LaTeX Info: Redefining \color on input line 702.
Package xcolor Info: Model `cmy' substituted by `cmy0' on input line 1337.
Package xcolor Info: Model `RGB' extended on input line 1353.
Package xcolor Info: Model `HTML' substituted by `rgb' on input line 1355.
Package xcolor Info: Model `Hsb' substituted by `hsb' on input line 1356.
Package xcolor Info: Model `tHsb' substituted by `hsb' on input line 1357.
Package xcolor Info: Model `HSB' substituted by `hsb' on input line 1358.
Package xcolor Info: Model `Gray' substituted by `gray' on input line 1359.
Package xcolor Info: Model `wave' substituted by `hsb' on input line 1360.
)
("D:\Program Files\CTEX\MiKTeX\tex\latex\tabu\tabu.sty"
Package: tabu 2011/02/26 v2.8 - flexible LaTeX tabulars (FC)

("D:\Program Files\CTEX\MiKTeX\tex\latex\tools\array.sty"
Package: array 2008/09/09 v2.4c Tabular extension package (FMi)
\col@sep=\dimen163
\extrarowheight=\dimen164
\NC@list=\toks22
\extratabsurround=\skip56
\backup@length=\skip57
)
("D:\Program Files\CTEX\MiKTeX\tex\latex\ltxmisc\varwidth.sty"
Package: varwidth 2009/03/30 ver 0.92;  Variable-width minipages
\@vwid@box=\box66
\sift@deathcycles=\count197
\@vwid@loff=\dimen165
\@vwid@roff=\dimen166
)
\c@taburow=\count198
\tabu@nbcols=\count199
\tabu@cnt=\count200
\tabu@Xcol=\count201
Normal \count register pool exhausted, switching to extended pool.
\tabu@alloc=\count277
\tabu@nested=\count278
\tabu@target=\dimen167
\tabu@spreadtarget=\dimen168
\tabu@naturalX=\dimen169
\tabucolX=\dimen170
\tabu@Xsum=\dimen171
\extrarowdepth=\dimen172
\abovetabulinesep=\dimen173
\belowtabulinesep=\dimen174
\tabustrutrule=\dimen175
\tabu@thebody=\toks23
\tabu@footnotes=\toks24
\tabu@box=\box67
\tabu@arstrutbox=\box68
\tabu@hleads=\box69
\tabu@vleads=\box70
\tabu@cellskip=\skip58
)
("D:\Program Files\CTEX\MiKTeX\tex\latex\tools\longtable.sty"
Package: longtable 2004/02/01 v4.11 Multi-page Table package (DPC)
\LTleft=\skip59
\LTright=\skip60
\LTpre=\skip61
\LTpost=\skip62
\LTchunksize=\count279
\LTcapwidth=\dimen176
\LT@head=\box71
\LT@firsthead=\box72
\LT@foot=\box73
\LT@lastfoot=\box74
\LT@cols=\count280
\LT@rows=\count281
\c@LT@tables=\count282
\c@LT@chunks=\count283
\LT@p@ftn=\toks25
)
("D:\Program Files\CTEX\MiKTeX\tex\latex\booktabs\booktabs.sty"
Package: booktabs 2005/04/14 v1.61803 publication quality tables
\heavyrulewidth=\dimen177
\lightrulewidth=\dimen178
\cmidrulewidth=\dimen179
\belowrulesep=\dimen180
\belowbottomsep=\dimen181
\aboverulesep=\dimen182
\abovetopsep=\dimen183
\cmidrulesep=\dimen184
\cmidrulekern=\dimen185
\defaultaddspace=\dimen186
\@cmidla=\count284
\@cmidlb=\count285
\@aboverulesep=\dimen187
\@belowrulesep=\dimen188
\@thisruleclass=\count286
\@lastruleclass=\count287
\@thisrulewidth=\dimen189
)
("D:\Program Files\CTEX\MiKTeX\tex\latex\listings\listings.sty"
\lst@mode=\count288
\lst@gtempboxa=\box75
\lst@token=\toks26
\lst@length=\count289
\lst@currlwidth=\dimen190
\lst@column=\count290
\lst@pos=\count291
\lst@lostspace=\dimen191
\lst@width=\dimen192
\lst@newlines=\count292
\lst@lineno=\count293
\lst@maxwidth=\dimen193

("D:\Program Files\CTEX\MiKTeX\tex\latex\listings\lstmisc.sty"
File: lstmisc.sty 2007/02/22 1.4 (Carsten Heinz)
\c@lstnumber=\count294
\lst@skipnumbers=\count295
\lst@framebox=\box76
)
("D:\Program Files\CTEX\MiKTeX\tex\latex\listings\listings.cfg"
File: listings.cfg 2007/02/22 1.4 listings configuration
))
Package: listings 2007/02/22 1.4 (Carsten Heinz)

("D:\Program Files\CTEX\MiKTeX\tex\latex\multirow\multirow.sty"
\bigstrutjot=\dimen194
)
("D:\Program Files\CTEX\MiKTeX\tex\latex\ams\math\amsmath.sty"
Package: amsmath 2000/07/18 v2.13 AMS math features
\@mathmargin=\skip63

For additional information on amsmath, use the `?' option.
("D:\Program Files\CTEX\MiKTeX\tex\latex\ams\math\amstext.sty"
Package: amstext 2000/06/29 v2.01

("D:\Program Files\CTEX\MiKTeX\tex\latex\ams\math\amsgen.sty"
File: amsgen.sty 1999/11/30 v2.0
\@emptytoks=\toks27
\ex@=\dimen195
))
("D:\Program Files\CTEX\MiKTeX\tex\latex\ams\math\amsbsy.sty"
Package: amsbsy 1999/11/29 v1.2d
\pmbraise@=\dimen196
)
("D:\Program Files\CTEX\MiKTeX\tex\latex\ams\math\amsopn.sty"
Package: amsopn 1999/12/14 v2.01 operator names
)
\inf@bad=\count296
LaTeX Info: Redefining \frac on input line 211.
\uproot@=\count297
\leftroot@=\count298
LaTeX Info: Redefining \overline on input line 307.
\classnum@=\count299
\DOTSCASE@=\count300
LaTeX Info: Redefining \ldots on input line 379.
LaTeX Info: Redefining \dots on input line 382.
LaTeX Info: Redefining \cdots on input line 467.
\Mathstrutbox@=\box77
\strutbox@=\box78
\big@size=\dimen197
LaTeX Font Info:    Redeclaring font encoding OML on input line 567.
LaTeX Font Info:    Redeclaring font encoding OMS on input line 568.
\macc@depth=\count301
\c@MaxMatrixCols=\count302
\dotsspace@=\muskip10
\c@parentequation=\count303
\dspbrk@lvl=\count304
\tag@help=\toks28
\row@=\count305
\column@=\count306
\maxfields@=\count307
\andhelp@=\toks29
\eqnshift@=\dimen198
\alignsep@=\dimen199
\tagshift@=\dimen200
\tagwidth@=\dimen201
Normal \dimen register pool exhausted, switching to extended pool.
\totwidth@=\dimen256
\lineht@=\dimen257
\@envbody=\toks30
\multlinegap=\skip64
\multlinetaggap=\skip65
\mathdisplay@stack=\toks31
LaTeX Info: Redefining \[ on input line 2666.
LaTeX Info: Redefining \] on input line 2667.
)
("D:\Program Files\CTEX\MiKTeX\tex\latex\listings\lstlang1.sty"
File: lstlang1.sty 2004/09/05 1.3 listings language file
)
("D:\Program Files\CTEX\MiKTeX\tex\latex\listings\lstlang2.sty"
File: lstlang2.sty 2004/09/05 1.3 listings language file
)
("D:\Program Files\CTEX\MiKTeX\tex\latex\listings\lstlang3.sty"
File: lstlang3.sty 2004/09/05 1.3 listings language file
)
("D:\Program Files\CTEX\MiKTeX\tex\latex\listings\lstlang1.sty"
File: lstlang1.sty 2004/09/05 1.3 listings language file
)
("D:\Program Files\CTEX\MiKTeX\tex\latex\listings\lstlang2.sty"
File: lstlang2.sty 2004/09/05 1.3 listings language file
)
("D:\Program Files\CTEX\MiKTeX\tex\latex\listings\lstlang3.sty"
File: lstlang3.sty 2004/09/05 1.3 listings language file
)
("D:\Program Files\CTEX\MiKTeX\tex\latex\listings\lstlang1.sty"
File: lstlang1.sty 2004/09/05 1.3 listings language file
)
("D:\Program Files\CTEX\MiKTeX\tex\latex\listings\lstlang2.sty"
File: lstlang2.sty 2004/09/05 1.3 listings language file
)
("D:\Program Files\CTEX\MiKTeX\tex\latex\listings\lstlang3.sty"
File: lstlang3.sty 2004/09/05 1.3 listings language file
)
("D:\Program Files\CTEX\MiKTeX\tex\latex\listings\lstmisc.sty"
File: lstmisc.sty 2007/02/22 1.4 (Carsten Heinz)
)
("D:\Program Files\CTEX\MiKTeX\tex\latex\hyperref\hyperref.sty"
Package: hyperref 2012/02/06 v6.82o Hypertext links for LaTeX

("D:\Program Files\CTEX\MiKTeX\tex\generic\oberdiek\hobsub-hyperref.sty"
Package: hobsub-hyperref 2011/04/23 v1.4 Bundle oberdiek, subset hyperref (HO)

("D:\Program Files\CTEX\MiKTeX\tex\generic\oberdiek\hobsub-generic.sty"
Package: hobsub-generic 2011/04/23 v1.4 Bundle oberdiek, subset generic (HO)
Package: hobsub 2011/04/23 v1.4 Subsetting bundle oberdiek (HO)
Package hobsub Info: Skipping package `infwarerr' (already loaded).
Package hobsub Info: Skipping package `ltxcmds' (already loaded).
Package hobsub Info: Skipping package `ifluatex' (already loaded).
Package hobsub Info: Skipping package `ifvtex' (already loaded).
Package: intcalc 2007/09/27 v1.1 Expandable integer calculations (HO)
Package hobsub Info: Skipping package `ifpdf' (already loaded).
Package hobsub Info: Skipping package `etexcmds' (already loaded).
Package hobsub Info: Skipping package `kvsetkeys' (already loaded).
Package hobsub Info: Skipping package `kvdefinekeys' (already loaded).
Package hobsub Info: Skipping package `pdftexcmds' (already loaded).
Package: pdfescape 2011/04/04 v1.12 Provides string conversions (HO)
Package: bigintcalc 2011/01/30 v1.2 Expandable big integer calculations (HO)
Package: bitset 2011/01/30 v1.1 Data type bit set (HO)
Package: uniquecounter 2011/01/30 v1.2 Provides unlimited unique counter (HO)
)
Package hobsub Info: Skipping package `hobsub' (already loaded).
Package: letltxmacro 2010/09/02 v1.4 Let assignment for LaTeX macros (HO)
Package: hopatch 2011/01/30 v1.0 Wrapper for package hooks (HO)
Package: xcolor-patch 2011/01/30 xcolor patch
Package: atveryend 2011/04/23 v1.7 Hooks at very end of document (HO)
Package: atbegshi 2011/01/30 v1.15 At begin shipout hook (HO)
Package: refcount 2010/12/01 v3.2 Data extraction from references (HO)
Package: hycolor 2011/01/30 v1.7 Color options of hyperref/bookmark (HO)
)
("D:\Program Files\CTEX\MiKTeX\tex\latex\oberdiek\kvoptions.sty"
Package: kvoptions 2010/12/23 v3.10 Keyval support for LaTeX options (HO)
)
\@linkdim=\dimen258
\Hy@linkcounter=\count308
\Hy@pagecounter=\count309

("D:\Program Files\CTEX\MiKTeX\tex\latex\hyperref\pd1enc.def"
File: pd1enc.def 2012/02/06 v6.82o Hyperref: PDFDocEncoding definition (HO)
)
\Hy@SavedSpaceFactor=\count310

("D:\Program Files\CTEX\MiKTeX\tex\latex\00miktex\hyperref.cfg"
File: hyperref.cfg 2002/06/06 v1.2 hyperref configuration of TeXLive
)
Package hyperref Info: Option `unicode' set `true' on input line 3925.

("D:\Program Files\CTEX\MiKTeX\tex\latex\hyperref\puenc.def"
File: puenc.def 2012/02/06 v6.82o Hyperref: PDF Unicode definition (HO)
)
Package hyperref Info: Option `colorlinks' set `true' on input line 3925.
Package hyperref Info: Hyper figures OFF on input line 4046.
Package hyperref Info: Link nesting OFF on input line 4051.
Package hyperref Info: Hyper index ON on input line 4054.
Package hyperref Info: Plain pages OFF on input line 4061.
Package hyperref Info: Backreferencing OFF on input line 4066.
Package hyperref Info: Implicit mode ON; LaTeX internals redefined.
Package hyperref Info: Bookmarks ON on input line 4284.
\c@Hy@tempcnt=\count311

("D:\Program Files\CTEX\MiKTeX\tex\xelatex\xetexurl\url.sty"
\Urlmuskip=\muskip11
Package: url 2004/03/15  ver 3.1  Verb mode for urls, etc.
)
LaTeX Info: Redefining \url on input line 4637.
\Fld@menulength=\count312
\Field@Width=\dimen259
\Fld@charsize=\dimen260
Package hyperref Info: Hyper figures OFF on input line 5757.
Package hyperref Info: Link nesting OFF on input line 5762.
Package hyperref Info: Hyper index ON on input line 5765.
Package hyperref Info: backreferencing OFF on input line 5772.
Package hyperref Info: Link coloring ON on input line 5775.
Package hyperref Info: Link coloring with OCG OFF on input line 5782.
Package hyperref Info: PDF/A mode OFF on input line 5787.
LaTeX Info: Redefining \ref on input line 5827.
LaTeX Info: Redefining \pageref on input line 5831.
\Hy@abspage=\count313
\c@Item=\count314
\c@Hfootnote=\count315
)

Package hyperref Message: Driver: hxetex.

("D:\Program Files\CTEX\MiKTeX\tex\latex\hyperref\hxetex.def"
File: hxetex.def 2012/02/06 v6.82o Hyperref driver for XeTeX

("D:\Program Files\CTEX\MiKTeX\tex\generic\oberdiek\stringenc.sty"
Package: stringenc 2010/03/01 v1.8 Converts strings between encodings (HO)
)
\pdfm@box=\box79
\c@Hy@AnnotLevel=\count316
\HyField@AnnotCount=\count317
\Fld@listcount=\count318
\c@bookmark@seq@number=\count319

("D:\Program Files\CTEX\MiKTeX\tex\latex\oberdiek\rerunfilecheck.sty"
Package: rerunfilecheck 2011/04/15 v1.7 Rerun checks for auxiliary files (HO)
Package rerunfilecheck Info: Feature \pdfmdfivesum is not available
(rerunfilecheck)             (e.g. pdfTeX or LuaTeX with package `pdftexcmds').

(rerunfilecheck)             Therefore file contents cannot be checked efficien
tly
(rerunfilecheck)             and the loading of the package is aborted.
)
\Hy@SectionHShift=\skip66
)
(D:\project\tex\mcmthesis\mcmthesis.aux)
LaTeX Font Info:    Checking defaults for OML/cmm/m/it on input line 140.
LaTeX Font Info:    ... okay on input line 140.
LaTeX Font Info:    Checking defaults for T1/cmr/m/n on input line 140.
LaTeX Font Info:    ... okay on input line 140.
LaTeX Font Info:    Checking defaults for OT1/cmr/m/n on input line 140.
LaTeX Font Info:    ... okay on input line 140.
LaTeX Font Info:    Checking defaults for OMS/cmsy/m/n on input line 140.
LaTeX Font Info:    ... okay on input line 140.
LaTeX Font Info:    Checking defaults for OMX/cmex/m/n on input line 140.
LaTeX Font Info:    ... okay on input line 140.
LaTeX Font Info:    Checking defaults for U/cmr/m/n on input line 140.
LaTeX Font Info:    ... okay on input line 140.
LaTeX Font Info:    Checking defaults for TS1/cmr/m/n on input line 140.
LaTeX Font Info:    ... okay on input line 140.
LaTeX Font Info:    Checking defaults for EU1/lmr/m/n on input line 140.
LaTeX Font Info:    ... okay on input line 140.
LaTeX Font Info:    Checking defaults for T3/cmr/m/n on input line 140.
LaTeX Font Info:    Try loading font information for T3+cmr on input line 140.

("D:\Program Files\CTEX\MiKTeX\tex\latex\tipa\t3cmr.fd"
File: t3cmr.fd 2001/12/31 TIPA font definitions
)
LaTeX Font Info:    ... okay on input line 140.
LaTeX Font Info:    Checking defaults for PD1/pdf/m/n on input line 140.
LaTeX Font Info:    ... okay on input line 140.
LaTeX Font Info:    Checking defaults for PU/pdf/m/n on input line 140.
LaTeX Font Info:    ... okay on input line 140.
Package doc Info: Made | a short reference for \verb on input line 140.
.................................................
. fontspec info: "setup-math"
. 
. Adjusting the maths setup (use [no-math] to avoid this).
.................................................
\symlegacymaths=\mathgroup4
LaTeX Font Info:    Overwriting symbol font `legacymaths' in version `bold'
(Font)                  OT1/cmr/m/n --> OT1/cmr/bx/n on input line 140.
LaTeX Font Info:    Redeclaring math accent \acute on input line 140.
LaTeX Font Info:    Redeclaring math accent \grave on input line 140.
LaTeX Font Info:    Redeclaring math accent \ddot on input line 140.
LaTeX Font Info:    Redeclaring math accent \tilde on input line 140.
LaTeX Font Info:    Redeclaring math accent \bar on input line 140.
LaTeX Font Info:    Redeclaring math accent \breve on input line 140.
LaTeX Font Info:    Redeclaring math accent \check on input line 140.
LaTeX Font Info:    Redeclaring math accent \hat on input line 140.
LaTeX Font Info:    Redeclaring math accent \dot on input line 140.
LaTeX Font Info:    Redeclaring math accent \mathring on input line 140.
LaTeX Font Info:    Redeclaring math symbol \Gamma on input line 140.
LaTeX Font Info:    Redeclaring math symbol \Delta on input line 140.
LaTeX Font Info:    Redeclaring math symbol \Theta on input line 140.
LaTeX Font Info:    Redeclaring math symbol \Lambda on input line 140.
LaTeX Font Info:    Redeclaring math symbol \Xi on input line 140.
LaTeX Font Info:    Redeclaring math symbol \Pi on input line 140.
LaTeX Font Info:    Redeclaring math symbol \Sigma on input line 140.
LaTeX Font Info:    Redeclaring math symbol \Upsilon on input line 140.
LaTeX Font Info:    Redeclaring math symbol \Phi on input line 140.
LaTeX Font Info:    Redeclaring math symbol \Psi on input line 140.
LaTeX Font Info:    Redeclaring math symbol \Omega on input line 140.
LaTeX Font Info:    Redeclaring math symbol \mathdollar on input line 140.
LaTeX Font Info:    Redeclaring symbol font `operators' on input line 140.
LaTeX Font Info:    Encoding `OT1' has changed to `EU1' for symbol font
(Font)              `operators' in the math version `normal' on input line 140.

LaTeX Font Info:    Overwriting symbol font `operators' in version `normal'
(Font)                  OT1/cmr/m/n --> EU1/lmr/m/n on input line 140.
LaTeX Font Info:    Encoding `OT1' has changed to `EU1' for symbol font
(Font)              `operators' in the math version `bold' on input line 140.
LaTeX Font Info:    Overwriting symbol font `operators' in version `bold'
(Font)                  OT1/cmr/bx/n --> EU1/lmr/m/n on input line 140.
LaTeX Font Info:    Overwriting symbol font `operators' in version `normal'
(Font)                  EU1/lmr/m/n --> EU1/lmr/m/n on input line 140.
LaTeX Font Info:    Overwriting math alphabet `\mathrm' in version `normal'
(Font)                  EU1/lmr/m/n --> EU1/lmr/m/n on input line 140.
LaTeX Font Info:    Overwriting math alphabet `\mathit' in version `normal'
(Font)                  OT1/cmr/m/it --> EU1/lmr/m/it on input line 140.
LaTeX Font Info:    Overwriting math alphabet `\mathbf' in version `normal'
(Font)                  OT1/cmr/bx/n --> EU1/lmr/bx/n on input line 140.
LaTeX Font Info:    Overwriting math alphabet `\mathsf' in version `normal'
(Font)                  OT1/cmss/m/n --> EU1/lmss/m/n on input line 140.
LaTeX Font Info:    Overwriting math alphabet `\mathtt' in version `normal'
(Font)                  OT1/cmtt/m/n --> EU1/lmtt/m/n on input line 140.
LaTeX Font Info:    Overwriting symbol font `operators' in version `bold'
(Font)                  EU1/lmr/m/n --> EU1/lmr/bx/n on input line 140.
LaTeX Font Info:    Overwriting math alphabet `\mathrm' in version `bold'
(Font)                  EU1/lmr/m/n --> EU1/lmr/bx/n on input line 140.
LaTeX Font Info:    Overwriting math alphabet `\mathit' in version `bold'
(Font)                  OT1/cmr/bx/it --> EU1/lmr/bx/it on input line 140.
LaTeX Font Info:    Overwriting math alphabet `\mathsf' in version `bold'
(Font)                  OT1/cmss/bx/n --> EU1/lmss/bx/n on input line 140.
LaTeX Font Info:    Overwriting math alphabet `\mathtt' in version `bold'
(Font)                  OT1/cmtt/m/n --> EU1/lmtt/bx/n on input line 140.
\c@lstlisting=\count320
Package hyperref Info: Option `colorlinks' set `true' on input line 140.
\AtBeginShipoutBox=\box80
Package hyperref Info: Link coloring ON on input line 140.

("D:\Program Files\CTEX\MiKTeX\tex\latex\hyperref\nameref.sty"
Package: nameref 2010/04/30 v2.40 Cross-referencing by name of section

("D:\Program Files\CTEX\MiKTeX\tex\generic\oberdiek\gettitlestring.sty"
Package: gettitlestring 2010/12/03 v1.4 Cleanup title references (HO)
)
\c@section@level=\count321
)
LaTeX Info: Redefining \ref on input line 140.
LaTeX Info: Redefining \pageref on input line 140.
LaTeX Info: Redefining \nameref on input line 140.

(D:\project\tex\mcmthesis\mcmthesis.out)
(D:\project\tex\mcmthesis\mcmthesis.out)
\@outlinefile=\write5

(D:\project\tex\mcmthesis\mcmthesis.dtx
***************************
* Character table correct *
***************************
\g_fontspec_family_SimSun_int=\count322
.................................................
. fontspec info: "no-font-shape"
. 
. Could not resolve font SimHei/I (it probably doesn't exist).
.................................................
.................................................
. fontspec info: "defining-font"
. 
. Font family 'SimSun(0)' created for font 'SimSun' with options
. [Ligatures=TeX,BoldFont={SimHei},ItalicFont={[SIMKAI.TTF]}].
. 
. This font family consists of the following shapes:
. 
. * 'normal' with NFSS spec.:
. <->"SimSun/ICU:script=latn;language=DFLT;mapping=tex-text;"
. 
. * 'bold' with NFSS spec.:
. <->"SimHei/ICU:script=latn;language=DFLT;mapping=tex-text;"
. 
. * 'italic' with NFSS spec.:
. <->"[SIMKAI.TTF]/ICU:script=latn;language=DFLT;mapping=tex-text;"
.................................................
.................................................
. fontspec info: "defining-font"
. 
. Font family 'SimSun(0)' created for font 'SimSun' with options
. [Ligatures=TeX,BoldFont={SimHei},ItalicFont={[SIMKAI.TTF]}].
. 
. This font family consists of the following shapes:
.................................................
LaTeX Font Info:    Try loading font information for EU1+lmtt on input line 181
.
("D:\Program Files\CTEX\MiKTeX\tex\latex\euenc\eu1lmtt.fd"
File: eu1lmtt.fd 2009/10/30 v1.6 Font defs for Latin Modern
)
.................................................
. fontspec info: "defining-font"
. 
. Font family 'SimSun(0)' created for font 'SimSun' with options
. [Ligatures=TeX,BoldFont={SimHei},ItalicFont={[SIMKAI.TTF]}].
. 
. This font family consists of the following shapes:
.................................................
.................................................
. fontspec info: "defining-font"
. 
. Font family 'SimSun(0)' created for font 'SimSun' with options
. [Ligatures=TeX,BoldFont={SimHei},ItalicFont={[SIMKAI.TTF]}].
. 
. This font family consists of the following shapes:
.................................................
.................................................
. fontspec info: "defining-font"
. 
. Font family 'SimSun(0)' created for font 'SimSun' with options
. [Ligatures=TeX,BoldFont={SimHei},ItalicFont={[SIMKAI.TTF]}].
. 
. This font family consists of the following shapes:
.................................................
.................................................
. fontspec info: "defining-font"
. 
. Font family 'SimSun(0)' created for font 'SimSun' with options
. [Ligatures=TeX,BoldFont={SimHei},ItalicFont={[SIMKAI.TTF]}].
. 
. This font family consists of the following shapes:
.................................................
.................................................
. fontspec info: "defining-font"
. 
. Font family 'SimSun(0)' created for font 'SimSun' with options
. [Ligatures=TeX,BoldFont={SimHei},ItalicFont={[SIMKAI.TTF]}].
. 
. This font family consists of the following shapes:
.................................................
.................................................
. fontspec info: "defining-font"
. 
. Font family 'SimSun(0)' created for font 'SimSun' with options
. [Ligatures=TeX,BoldFont={SimHei},ItalicFont={[SIMKAI.TTF]}].
. 
. This font family consists of the following shapes:
.................................................

("D:\Program Files\CTEX\MiKTeX\tex\latex\listings\lstlang1.sty"
File: lstlang1.sty 2004/09/05 1.3 listings language file
)
("D:\Program Files\CTEX\MiKTeX\tex\latex\listings\lstlang1.sty"
File: lstlang1.sty 2004/09/05 1.3 listings language file
) [1

]
LaTeX Font Info:    Font shape `EU1/lmtt/bx/n' in size <8> not available
(Font)              Font shape `EU1/lmtt/b/n' tried instead on input line 215.

Underfull \vbox (badness 10000) detected at line 255
 []

.................................................
. fontspec info: "defining-font"
. 
. Font family 'SimSun(0)' created for font 'SimSun' with options
. [Ligatures=TeX,BoldFont={SimHei},ItalicFont={[SIMKAI.TTF]}].
. 
. This font family consists of the following shapes:
.................................................

LaTeX Font Warning: Font shape `EU1/SimSun(0)/m/sl' undefined
(Font)              using `EU1/SimSun(0)/m/n' instead on input line 258.

[2]
Missing character: There is no ￼ in font [lmroman10-regular]:mapping=tex-text
!
.................................................
. fontspec info: "defining-font"
. 
. Font family 'SimSun(0)' created for font 'SimSun' with options
. [Ligatures=TeX,BoldFont={SimHei},ItalicFont={[SIMKAI.TTF]}].
. 
. This font family consists of the following shapes:
.................................................
 [3]

LaTeX Warning: Marginpar on page 4 moved.

.................................................
. fontspec info: "defining-font"
. 
. Font family 'SimSun(0)' created for font 'SimSun' with options
. [Ligatures=TeX,BoldFont={SimHei},ItalicFont={[SIMKAI.TTF]}].
. 
. This font family consists of the following shapes:
.................................................
[4] [5] [6]
Underfull \vbox (badness 10000) detected at line 475
 []

[7]
Missing character: There is no ￼ in font [lmroman10-regular]:mapping=tex-text
!
 [8]
Overfull \hbox (35.11977pt too wide) in paragraph at lines 536--540
[][]\EU1/lmr/m/n/10 Besides using \EU1/lmtt/m/n/10 \mcmsetup \EU1/lmr/m/n/10 to
 choose question, you could also use \EU1/lmtt/m/n/10 \problem{$\OMS/cmsy/m/n/1
0 h$[]\EU1/lmr/m/it/10 Question$\OMS/cmsy/m/n/10 i$[]\EU1/lmtt/m/n/10 }
 []


LaTeX Warning: Marginpar on page 9 moved.

[9] [10] [11] [12] [13]
Overfull \hbox (158.0918pt too wide) in paragraph at lines 822--822
 [][]  \EU1/lmtt/m/n/9 \long\def\abstract{\bgroup\global\setbox\@abstract\vbox\
bgroup\hsize\textwidth\leftskip1cm\rightskip1cm}% 
 []

[14]
Overfull \hbox (2.1668pt too wide) in paragraph at lines 842--842
 [][]  \EU1/lmtt/m/n/9 \def\keywords{\global\setbox\@keywords\vbox\bgroup\noind
ent\leftskip0cm} 
 []

[15]
Overfull \hbox (14.76675pt too wide) in paragraph at lines 897--897
 [][]      \EU1/lmtt/m/n/9 \makebox[0.15\linewidth][l]{T1}\rule[-2pt]{0.85\line
width}{0.5pt}\\[4pt] 
 []


Overfull \hbox (14.76675pt too wide) in paragraph at lines 897--897
 [][]      \EU1/lmtt/m/n/9 \makebox[0.15\linewidth][l]{T2}\rule[-2pt]{0.85\line
width}{0.5pt}\\[4pt] 
 []


Overfull \hbox (14.76675pt too wide) in paragraph at lines 897--897
 [][]      \EU1/lmtt/m/n/9 \makebox[0.15\linewidth][l]{T3}\rule[-2pt]{0.85\line
width}{0.5pt}\\[4pt] 
 []


Overfull \hbox (14.76675pt too wide) in paragraph at lines 897--897
 [][]      \EU1/lmtt/m/n/9 \makebox[0.15\linewidth][l]{F1}\rule[-2pt]{0.85\line
width}{0.5pt}\\[4pt] 
 []


Overfull \hbox (14.76675pt too wide) in paragraph at lines 897--897
 [][]      \EU1/lmtt/m/n/9 \makebox[0.15\linewidth][l]{F2}\rule[-2pt]{0.85\line
width}{0.5pt}\\[4pt] 
 []


Overfull \hbox (14.76675pt too wide) in paragraph at lines 897--897
 [][]      \EU1/lmtt/m/n/9 \makebox[0.15\linewidth][l]{F3}\rule[-2pt]{0.85\line
width}{0.5pt}\\[4pt] 
 []

[16] [17]
*******************
* Checksum passed *
*******************
)
Package atveryend Info: Empty hook `BeforeClearDocument' on input line 142.
 [18]
Package atveryend Info: Empty hook `AfterLastShipout' on input line 142.
 (D:\project\tex\mcmthesis\mcmthesis.aux)
Package atveryend Info: Empty hook `AtVeryEndDocument' on input line 142.
Package atveryend Info: Empty hook `AtEndAfterFileList' on input line 142.


LaTeX Font Warning: Some font shapes were not available, defaults substituted.

 ) 
Here is how much of TeX's memory you used:
 25001 strings out of 430478
 457927 string characters out of 3191152
 571978 words of memory out of 3000000
 27752 multiletter control sequences out of 15000+200000
 10301 words of font info for 89 fonts, out of 3000000 for 9000
 14 hyphenation exceptions out of 8191
 59i,10n,122p,840b,2206s stack positions out of 5000i,500n,10000p,200000b,50000s

Output written on mcmthesis.pdf (18 pages).
