\BOOKMARK [1][-]{section.1}{\376\377\152\041\147\177\116\313\176\315}{}% 1
\BOOKMARK [1][-]{section.2}{\376\377\142\113\135\345\133\211\210\305\213\364\146\016}{}% 2
\BOOKMARK [2][-]{subsection.2.1}{\376\377\116\013\217\175}{section.2}% 3
\BOOKMARK [2][-]{subsection.2.2}{\376\377\133\211\210\305}{section.2}% 4
\BOOKMARK [1][-]{section.3}{\376\377\117\177\165\050\213\364\146\016}{}% 5
\BOOKMARK [2][-]{subsection.3.1}{\376\377\117\235\215\126}{section.3}% 6
\BOOKMARK [2][-]{subsection.3.2}{\376\377\220\011\230\171}{section.3}% 7
\BOOKMARK [2][-]{subsection.3.3}{\376\377\230\230\123\367}{section.3}% 8
\BOOKMARK [2][-]{subsection.3.4}{\376\377\163\257\130\203}{section.3}% 9
\BOOKMARK [2][-]{subsection.3.5}{\376\377\144\130\211\201\230\165\131\064\220\350\213\276\177\156}{section.3}% 10
\BOOKMARK [2][-]{subsection.3.6}{\376\377\177\026\213\321\145\271\137\017}{section.3}% 11
\BOOKMARK [2][-]{subsection.3.7}{\376\377\116\055\145\207\145\057\143\001}{section.3}% 12
\BOOKMARK [1][-]{section.4}{\376\377\162\110\147\054\123\206\123\362}{}% 13
\BOOKMARK [1][-]{section.5}{\376\377\000I\000n\000t\000r\000o\000d\000u\000c\000t\000i\000o\000n}{}% 14
\BOOKMARK [1][-]{section.6}{\376\377\000I\000n\000s\000t\000a\000l\000l\000a\000t\000i\000o\000n\000\040\000G\000u\000i\000d\000e}{}% 15
\BOOKMARK [2][-]{subsection.6.1}{\376\377\000D\000o\000w\000n\000l\000o\000a\000d}{section.6}% 16
\BOOKMARK [2][-]{subsection.6.2}{\376\377\000I\000n\000s\000t\000a\000l\000l\000a\000t\000i\000o\000n}{section.6}% 17
\BOOKMARK [1][-]{section.7}{\376\377\000U\000s\000a\000g\000e}{}% 18
\BOOKMARK [2][-]{subsection.7.1}{\376\377\000D\000e\000p\000e\000n\000d\000e\000n\000c\000e}{section.7}% 19
\BOOKMARK [2][-]{subsection.7.2}{\376\377\000O\000p\000t\000i\000o\000n\000s}{section.7}% 20
\BOOKMARK [2][-]{subsection.7.3}{\376\377\000Q\000u\000e\000s\000t\000i\000o\000n}{section.7}% 21
\BOOKMARK [2][-]{subsection.7.4}{\376\377\000E\000n\000v\000i\000r\000o\000n\000m\000e\000n\000t}{section.7}% 22
\BOOKMARK [2][-]{subsection.7.5}{\376\377\000T\000h\000e\000\040\000h\000e\000a\000d\000s\000e\000t\000\040\000o\000f\000\040\000t\000h\000e\000\040\000S\000u\000m\000m\000a\000r\000y\000\040\000S\000h\000e\000e\000t}{section.7}% 23
\BOOKMARK [2][-]{subsection.7.6}{\376\377\000C\000o\000m\000p\000i\000l\000a\000t\000i\000o\000n\000\040\000W\000o\000r\000k\000f\000l\000o\000w}{section.7}% 24
\BOOKMARK [1][-]{section.8}{\376\377\000H\000i\000s\000t\000o\000r\000y}{}% 25
\BOOKMARK [1][-]{section.9}{\376\377\000T\000h\000e\000\040\000I\000m\000p\000l\000e\000m\000e\000n\000t\000a\000t\000i\000o\000n}{}% 26
\BOOKMARK [2][-]{subsection.9.1}{\376\377\000B\000a\000s\000i\000c\000\040\000I\000n\000f\000o\000r\000m\000a\000t\000i\000o\000n}{section.9}% 27
\BOOKMARK [2][-]{subsection.9.2}{\376\377\000O\000p\000t\000i\000o\000n\000s}{section.9}% 28
\BOOKMARK [2][-]{subsection.9.3}{\376\377\000L\000o\000a\000d\000i\000n\000g\000\040\000P\000a\000c\000k\000a\000g\000e\000s}{section.9}% 29
\BOOKMARK [2][-]{subsection.9.4}{\376\377\000h\000y\000p\000e\000r\000r\000e\000f\000\040\000S\000e\000t\000t\000i\000n\000g\000s}{section.9}% 30
\BOOKMARK [2][-]{subsection.9.5}{\376\377\000P\000a\000g\000e\000\040\000L\000a\000y\000o\000u\000t}{section.9}% 31
\BOOKMARK [2][-]{subsection.9.6}{\376\377\000R\000e\000d\000e\000f\000i\000n\000i\000n\000g\000\040\000T\000O\000C}{section.9}% 32
\BOOKMARK [2][-]{subsection.9.7}{\376\377\000M\000a\000s\000t\000e\000r\000i\000n\000g\000\040\000F\000l\000o\000a\000t\000s\000,\000\040\000F\000i\000g\000u\000r\000e\000s\000\040\000a\000n\000d\000\040\000T\000a\000b\000l\000e\000s}{section.9}% 33
\BOOKMARK [2][-]{subsection.9.8}{\376\377\000D\000e\000s\000i\000g\000n\000i\000n\000g\000\040\000S\000h\000e\000e\000t\000s\000\040\000a\000n\000d\000\040\000t\000h\000e\000i\000r\000\040\000R\000e\000l\000a\000t\000i\000o\000n\000s}{section.9}% 34
\BOOKMARK [2][-]{subsection.9.9}{\376\377\000M\000a\000t\000h\000e\000m\000a\000t\000i\000c\000s}{section.9}% 35
\BOOKMARK [2][-]{subsection.9.10}{\376\377\000L\000i\000s\000t\000i\000n\000g\000\040\000S\000e\000t\000t\000i\000n\000g\000s}{section.9}% 36
